<?xml version="1.0" encoding="UTF-8"?>
<testsuite name="com.forum.testForum.TestForumApplicationTests" tests="1" skipped="0" failures="0" errors="0" timestamp="2020-02-20T13:40:56" hostname="ubuntu" time="0.071">
  <properties/>
  <testcase name="contextLoads" classname="com.forum.testForum.TestForumApplicationTests" time="0.071"/>
  <system-out><![CDATA[14:40:51.414 [Test worker] DEBUG org.springframework.test.context.junit4.SpringJUnit4ClassRunner - SpringJUnit4ClassRunner constructor called with [class com.forum.testForum.TestForumApplicationTests]
14:40:51.426 [Test worker] DEBUG org.springframework.test.context.BootstrapUtils - Instantiating CacheAwareContextLoaderDelegate from class [org.springframework.test.context.cache.DefaultCacheAwareContextLoaderDelegate]
14:40:51.435 [Test worker] DEBUG org.springframework.test.context.BootstrapUtils - Instantiating BootstrapContext using constructor [public org.springframework.test.context.support.DefaultBootstrapContext(java.lang.Class,org.springframework.test.context.CacheAwareContextLoaderDelegate)]
14:40:51.454 [Test worker] DEBUG org.springframework.test.context.BootstrapUtils - Instantiating TestContextBootstrapper for test class [com.forum.testForum.TestForumApplicationTests] from class [org.springframework.boot.test.context.SpringBootTestContextBootstrapper]
14:40:51.467 [Test worker] INFO org.springframework.boot.test.context.SpringBootTestContextBootstrapper - Neither @ContextConfiguration nor @ContextHierarchy found for test class [com.forum.testForum.TestForumApplicationTests], using SpringBootContextLoader
14:40:51.470 [Test worker] DEBUG org.springframework.test.context.support.AbstractContextLoader - Did not detect default resource location for test class [com.forum.testForum.TestForumApplicationTests]: class path resource [com/forum/testForum/TestForumApplicationTests-context.xml] does not exist
14:40:51.471 [Test worker] DEBUG org.springframework.test.context.support.AbstractContextLoader - Did not detect default resource location for test class [com.forum.testForum.TestForumApplicationTests]: class path resource [com/forum/testForum/TestForumApplicationTestsContext.groovy] does not exist
14:40:51.472 [Test worker] INFO org.springframework.test.context.support.AbstractContextLoader - Could not detect default resource locations for test class [com.forum.testForum.TestForumApplicationTests]: no resource found for suffixes {-context.xml, Context.groovy}.
14:40:51.473 [Test worker] INFO org.springframework.test.context.support.AnnotationConfigContextLoaderUtils - Could not detect default configuration classes for test class [com.forum.testForum.TestForumApplicationTests]: TestForumApplicationTests does not declare any static, non-private, non-final, nested classes annotated with @Configuration.
14:40:51.512 [Test worker] DEBUG org.springframework.test.context.support.ActiveProfilesUtils - Could not find an 'annotation declaring class' for annotation type [org.springframework.test.context.ActiveProfiles] and class [com.forum.testForum.TestForumApplicationTests]
14:40:51.573 [Test worker] DEBUG org.springframework.context.annotation.ClassPathScanningCandidateComponentProvider - Identified candidate component class: file [/home/kplackowski/IdeaProjects/me+majkel/forum-master/build/classes/java/main/com/forum/testForum/TestForumApplication.class]
14:40:51.574 [Test worker] INFO org.springframework.boot.test.context.SpringBootTestContextBootstrapper - Found @SpringBootConfiguration com.forum.testForum.TestForumApplication for test class com.forum.testForum.TestForumApplicationTests
14:40:51.655 [Test worker] DEBUG org.springframework.boot.test.context.SpringBootTestContextBootstrapper - @TestExecutionListeners is not present for class [com.forum.testForum.TestForumApplicationTests]: using defaults.
14:40:51.656 [Test worker] INFO org.springframework.boot.test.context.SpringBootTestContextBootstrapper - Loaded default TestExecutionListener class names from location [META-INF/spring.factories]: [org.springframework.boot.test.autoconfigure.restdocs.RestDocsTestExecutionListener, org.springframework.boot.test.autoconfigure.web.client.MockRestServiceServerResetTestExecutionListener, org.springframework.boot.test.autoconfigure.web.servlet.MockMvcPrintOnlyOnFailureTestExecutionListener, org.springframework.boot.test.autoconfigure.web.servlet.WebDriverTestExecutionListener, org.springframework.boot.test.mock.mockito.MockitoTestExecutionListener, org.springframework.boot.test.mock.mockito.ResetMocksTestExecutionListener, org.springframework.test.context.web.ServletTestExecutionListener, org.springframework.test.context.support.DirtiesContextBeforeModesTestExecutionListener, org.springframework.test.context.support.DependencyInjectionTestExecutionListener, org.springframework.test.context.support.DirtiesContextTestExecutionListener, org.springframework.test.context.transaction.TransactionalTestExecutionListener, org.springframework.test.context.jdbc.SqlScriptsTestExecutionListener]
14:40:51.671 [Test worker] INFO org.springframework.boot.test.context.SpringBootTestContextBootstrapper - Using TestExecutionListeners: [org.springframework.test.context.web.ServletTestExecutionListener@28afa64f, org.springframework.test.context.support.DirtiesContextBeforeModesTestExecutionListener@243f628c, org.springframework.boot.test.mock.mockito.MockitoTestExecutionListener@1a4ad39, org.springframework.boot.test.autoconfigure.SpringBootDependencyInjectionTestExecutionListener@2457147d, org.springframework.test.context.support.DirtiesContextTestExecutionListener@719f5366, org.springframework.test.context.transaction.TransactionalTestExecutionListener@2eeb74db, org.springframework.test.context.jdbc.SqlScriptsTestExecutionListener@a02d95a, org.springframework.boot.test.autoconfigure.restdocs.RestDocsTestExecutionListener@166ad09b, org.springframework.boot.test.autoconfigure.web.client.MockRestServiceServerResetTestExecutionListener@1de5a553, org.springframework.boot.test.autoconfigure.web.servlet.MockMvcPrintOnlyOnFailureTestExecutionListener@68dd4798, org.springframework.boot.test.autoconfigure.web.servlet.WebDriverTestExecutionListener@74098bd0, org.springframework.boot.test.mock.mockito.ResetMocksTestExecutionListener@342763c2]
14:40:51.673 [Test worker] DEBUG org.springframework.test.annotation.ProfileValueUtils - Retrieved @ProfileValueSourceConfiguration [null] for test class [com.forum.testForum.TestForumApplicationTests]
14:40:51.674 [Test worker] DEBUG org.springframework.test.annotation.ProfileValueUtils - Retrieved ProfileValueSource type [class org.springframework.test.annotation.SystemProfileValueSource] for class [com.forum.testForum.TestForumApplicationTests]
14:40:51.674 [Test worker] DEBUG org.springframework.test.annotation.ProfileValueUtils - Retrieved @ProfileValueSourceConfiguration [null] for test class [com.forum.testForum.TestForumApplicationTests]
14:40:51.675 [Test worker] DEBUG org.springframework.test.annotation.ProfileValueUtils - Retrieved ProfileValueSource type [class org.springframework.test.annotation.SystemProfileValueSource] for class [com.forum.testForum.TestForumApplicationTests]
14:40:51.680 [Test worker] DEBUG org.springframework.test.context.support.AbstractDirtiesContextTestExecutionListener - Before test class: context [DefaultTestContext@5fee34f8 testClass = TestForumApplicationTests, testInstance = [null], testMethod = [null], testException = [null], mergedContextConfiguration = [WebMergedContextConfiguration@69fe212 testClass = TestForumApplicationTests, locations = '{}', classes = '{class com.forum.testForum.TestForumApplication}', contextInitializerClasses = '[]', activeProfiles = '{}', propertySourceLocations = '{}', propertySourceProperties = '{org.springframework.boot.test.context.SpringBootTestContextBootstrapper=true}', contextCustomizers = set[org.springframework.boot.test.autoconfigure.properties.PropertyMappingContextCustomizer@0, org.springframework.boot.test.autoconfigure.web.servlet.WebDriverContextCustomizerFactory$Customizer@3d1f9d6e, org.springframework.boot.test.context.filter.ExcludeFilterContextCustomizer@34835fbe, org.springframework.boot.test.json.DuplicateJsonObjectContextCustomizerFactory$DuplicateJsonObjectContextCustomizer@61df8181, org.springframework.boot.test.mock.mockito.MockitoContextCustomizer@0, org.springframework.boot.test.web.client.TestRestTemplateContextCustomizer@462e36b7], resourceBasePath = 'src/main/webapp', contextLoader = 'org.springframework.boot.test.context.SpringBootContextLoader', parent = [null]], attributes = map['org.springframework.test.context.web.ServletTestExecutionListener.activateListener' -> true]], class annotated with @DirtiesContext [false] with mode [null].
14:40:51.680 [Test worker] DEBUG org.springframework.test.annotation.ProfileValueUtils - Retrieved @ProfileValueSourceConfiguration [null] for test class [com.forum.testForum.TestForumApplicationTests]
14:40:51.681 [Test worker] DEBUG org.springframework.test.annotation.ProfileValueUtils - Retrieved ProfileValueSource type [class org.springframework.test.annotation.SystemProfileValueSource] for class [com.forum.testForum.TestForumApplicationTests]
14:40:51.698 [Test worker] DEBUG org.springframework.test.context.support.TestPropertySourceUtils - Adding inlined properties to environment: {spring.jmx.enabled=false, org.springframework.boot.test.context.SpringBootTestContextBootstrapper=true, server.port=-1}

  .   ____          _            __ _ _
 /\\ / ___'_ __ _ _(_)_ __  __ _ \ \ \ \
( ( )\___ | '_ | '_| | '_ \/ _` | \ \ \ \
 \\/  ___)| |_)| | | | | || (_| |  ) ) ) )
  '  |____| .__|_| |_|_| |_\__, | / / / /
 =========|_|==============|___/=/_/_/_/
 :: Spring Boot ::       (v2.1.12.RELEASE)

2020-02-20 14:40:52.018  INFO 4322 --- [    Test worker] c.f.testForum.TestForumApplicationTests  : Starting TestForumApplicationTests on ubuntu with PID 4322 (started by kplackowski in /home/kplackowski/IdeaProjects/me+majkel/forum-master)
2020-02-20 14:40:52.020  INFO 4322 --- [    Test worker] c.f.testForum.TestForumApplicationTests  : No active profile set, falling back to default profiles: default
2020-02-20 14:40:52.801  INFO 4322 --- [    Test worker] .s.d.r.c.RepositoryConfigurationDelegate : Bootstrapping Spring Data JPA repositories in DEFAULT mode.
2020-02-20 14:40:52.887  INFO 4322 --- [    Test worker] .s.d.r.c.RepositoryConfigurationDelegate : Finished Spring Data repository scanning in 74ms. Found 2 JPA repository interfaces.
2020-02-20 14:40:53.379  INFO 4322 --- [    Test worker] trationDelegate$BeanPostProcessorChecker : Bean 'org.springframework.transaction.annotation.ProxyTransactionManagementConfiguration' of type [org.springframework.transaction.annotation.ProxyTransactionManagementConfiguration$$EnhancerBySpringCGLIB$$e65deedf] is not eligible for getting processed by all BeanPostProcessors (for example: not eligible for auto-proxying)
2020-02-20 14:40:53.626  INFO 4322 --- [    Test worker] com.zaxxer.hikari.HikariDataSource       : HikariPool-1 - Starting...
2020-02-20 14:40:53.832  INFO 4322 --- [    Test worker] com.zaxxer.hikari.HikariDataSource       : HikariPool-1 - Start completed.
2020-02-20 14:40:53.907  INFO 4322 --- [    Test worker] o.hibernate.jpa.internal.util.LogHelper  : HHH000204: Processing PersistenceUnitInfo [
	name: default
	...]
2020-02-20 14:40:53.989  INFO 4322 --- [    Test worker] org.hibernate.Version                    : HHH000412: Hibernate Core {5.3.15.Final}
2020-02-20 14:40:53.990  INFO 4322 --- [    Test worker] org.hibernate.cfg.Environment            : HHH000206: hibernate.properties not found
2020-02-20 14:40:54.160  INFO 4322 --- [    Test worker] o.hibernate.annotations.common.Version   : HCANN000001: Hibernate Commons Annotations {5.0.4.Final}
2020-02-20 14:40:54.295  INFO 4322 --- [    Test worker] org.hibernate.dialect.Dialect            : HHH000400: Using dialect: org.hibernate.dialect.H2Dialect
2020-02-20 14:40:54.968  INFO 4322 --- [    Test worker] o.h.t.schema.internal.SchemaCreatorImpl  : HHH000476: Executing import script 'org.hibernate.tool.schema.internal.exec.ScriptSourceInputNonExistentImpl@33e34ef6'
2020-02-20 14:40:54.970  INFO 4322 --- [    Test worker] j.LocalContainerEntityManagerFactoryBean : Initialized JPA EntityManagerFactory for persistence unit 'default'
2020-02-20 14:40:55.877  INFO 4322 --- [    Test worker] o.s.s.concurrent.ThreadPoolTaskExecutor  : Initializing ExecutorService 'applicationTaskExecutor'
2020-02-20 14:40:55.936  WARN 4322 --- [    Test worker] aWebConfiguration$JpaWebMvcConfiguration : spring.jpa.open-in-view is enabled by default. Therefore, database queries may be performed during view rendering. Explicitly configure spring.jpa.open-in-view to disable this warning
2020-02-20 14:40:56.306  INFO 4322 --- [    Test worker] c.f.testForum.TestForumApplicationTests  : Started TestForumApplicationTests in 4.6 seconds (JVM running for 5.532)
]]></system-out>
  <system-err><![CDATA[]]></system-err>
</testsuite>
